<?xml version="1.0" encoding="UTF-8"?>
<!-- Generated by org.testng.reporters.JUnitReportReporter -->
<testsuite hostname="LAPTOP-FL98232P" failures="0" tests="1" name="JenkinsPractice.Browsertest2" time="0.009" errors="0" timestamp="2023-07-12T11:42:27 IST" skipped="0">
  <testcase classname="JenkinsPractice.Browsertest2" name="m2" time="0.009"/>
  <system-out/>
</testsuite> <!-- JenkinsPractice.Browsertest2 -->
