<?xml version="1.0" encoding="UTF-8"?>
<!-- Generated by org.testng.reporters.JUnitReportReporter -->
<testsuite hostname="LAPTOP-FL98232P" failures="0" tests="1" name="JenkinsPractice.Browser" time="0.008" errors="0" timestamp="2023-07-12T11:02:25 IST" skipped="0">
  <testcase classname="JenkinsPractice.Browser" name="m1" time="0.008"/>
  <system-out/>
</testsuite> <!-- JenkinsPractice.Browser -->
